<?xml version="1.0" encoding="UTF-8"?>
<!-- Generated by org.testng.reporters.JUnitReportReporter -->
<testsuite hostname="SACHIN" failures="0" tests="1" name="e_commerce.Flipkart" time="9.522" errors="0" timestamp="2024-01-02T00:31:53 IST" skipped="0">
  <testcase classname="e_commerce.Flipkart" name="flipkartTest" time="9.522"/>
  <system-out>
    <![CDATA[Opening Flipkart Page]]>
  </system-out>
</testsuite> <!-- e_commerce.Flipkart -->
