<?xml version="1.0" encoding="UTF-8"?>
<!-- Generated by org.testng.reporters.JUnitReportReporter -->
<testsuite hostname="SACHIN" failures="0" tests="1" name="e_commerce.nykaa" time="9.409" errors="0" timestamp="2024-01-08T14:18:15 IST" skipped="0">
  <testcase classname="e_commerce.nykaa" name="nykaaTest" time="9.409"/>
  <system-out>
    <![CDATA[Opening Nykaa Page]]>
  </system-out>
</testsuite> <!-- e_commerce.nykaa -->
