<?xml version="1.0" encoding="UTF-8"?>
<!-- Generated by org.testng.reporters.JUnitReportReporter -->
<testsuite hostname="SACHIN" failures="0" tests="1" name="e_commerce.amazon" time="3.502" errors="0" timestamp="2024-01-02T00:31:53 IST" skipped="0">
  <testcase classname="e_commerce.amazon" name="amazonTest" time="3.502"/>
  <system-out>
    <![CDATA[Opening Amazon]]>
  </system-out>
</testsuite> <!-- e_commerce.amazon -->
