<?xml version="1.0" encoding="UTF-8"?>
<!-- Generated by org.testng.reporters.JUnitReportReporter -->
<testsuite hostname="SACHIN" failures="0" tests="1" name="e_commerce.Snapdeal" time="9.920" errors="0" timestamp="2024-01-02T23:47:48 IST" skipped="0">
  <testcase classname="e_commerce.Snapdeal" name="snapdealTest" time="9.920"/>
  <system-out>
    <![CDATA[Opening Snapdeal page]]>
  </system-out>
</testsuite> <!-- e_commerce.Snapdeal -->
