<?xml version="1.0" encoding="UTF-8"?>
<!-- Generated by org.testng.reporters.JUnitReportReporter -->
<testsuite hostname="SACHIN" failures="0" tests="1" name="e_commerce.shopclues" time="10.806" errors="0" timestamp="2024-01-08T14:06:56 IST" skipped="0">
  <testcase classname="e_commerce.shopclues" name="shopcluesTest" time="10.806"/>
  <system-out>
    <![CDATA[Opening Shopclues Page]]>
  </system-out>
</testsuite> <!-- e_commerce.shopclues -->
