<?xml version="1.0" encoding="UTF-8"?>
<!-- Generated by org.testng.reporters.JUnitReportReporter -->
<testsuite hostname="SACHIN" failures="0" tests="1" name="e_commerce.lenskart" time="38.822" errors="0" timestamp="2024-01-01T23:38:21 IST" skipped="0">
  <testcase classname="e_commerce.lenskart" name="lenskartTest" time="38.822"/>
  <system-out>
    <![CDATA[Opening Lenskart Page]]>
  </system-out>
</testsuite> <!-- e_commerce.lenskart -->
