<?xml version="1.0" encoding="UTF-8"?>
<!-- Generated by org.testng.reporters.JUnitReportReporter -->
<testsuite hostname="SACHIN" failures="0" tests="1" name="e_commerce.meesho" time="3.357" errors="0" timestamp="2024-01-02T00:31:53 IST" skipped="0">
  <testcase classname="e_commerce.meesho" name="meeshoTest" time="3.357"/>
  <system-out>
    <![CDATA[Opening Meesho Page]]>
  </system-out>
</testsuite> <!-- e_commerce.meesho -->
